d:\study\imic\basic_c_cpp\ex\20200103_socket_server\socket_server\debug\vc142.pdb
d:\study\imic\basic_c_cpp\ex\20200103_socket_server\socket_server\debug\vc142.idb
d:\study\imic\basic_c_cpp\ex\20200103_socket_server\socket_server\debug\socket.obj
d:\study\imic\basic_c_cpp\ex\20200103_socket_server\socket_server\debug\main.obj
d:\study\imic\basic_c_cpp\ex\20200104_socket_server\socket_server\debug\vc142.pdb
d:\study\imic\basic_c_cpp\ex\20200104_socket_server\socket_server\debug\vc142.idb
d:\study\imic\basic_c_cpp\ex\20200104_socket_server\socket_server\debug\socket.obj
d:\study\imic\basic_c_cpp\ex\20200104_socket_server\socket_server\debug\get_info_client.obj
d:\study\imic\basic_c_cpp\ex\20200104_socket_server\socket_server\debug\main.obj
d:\study\imic\basic_c_cpp\ex\20200103_socket_server\socket_server\debug\socket_server.exe
d:\study\imic\basic_c_cpp\ex\20200103_socket_server\socket_server\debug\socket_server.ilk
d:\study\imic\basic_c_cpp\ex\20200103_socket_server\socket_server\debug\socket_server.pdb
d:\study\imic\basic_c_cpp\ex\20200104_socket_server\socket_server\debug\socket_server.exe
d:\study\imic\basic_c_cpp\ex\20200104_socket_server\socket_server\debug\socket_server.ilk
d:\study\imic\basic_c_cpp\ex\20200104_socket_server\socket_server\debug\socket_server.pdb
d:\study\imic\basic_c_cpp\ex\20200104_socket_server\socket_server\debug\socket.obj.enc
d:\study\imic\basic_c_cpp\ex\20200104_socket_server\socket_server\debug\socket_server.tlog\cl.command.1.tlog
d:\study\imic\basic_c_cpp\ex\20200104_socket_server\socket_server\debug\socket_server.tlog\cl.read.1.tlog
d:\study\imic\basic_c_cpp\ex\20200104_socket_server\socket_server\debug\socket_server.tlog\cl.write.1.tlog
d:\study\imic\basic_c_cpp\ex\20200104_socket_server\socket_server\debug\socket_server.tlog\link.command.1.tlog
d:\study\imic\basic_c_cpp\ex\20200104_socket_server\socket_server\debug\socket_server.tlog\link.read.1.tlog
d:\study\imic\basic_c_cpp\ex\20200104_socket_server\socket_server\debug\socket_server.tlog\link.write.1.tlog
